#
# There is insufficient memory for the Java Runtime Environment to continue.
# Native memory allocation (malloc) failed to allocate 2048000 bytes for AllocateHeap
# Possible reasons:
#   The system is out of physical RAM or swap space
#   In 32 bit mode, the process size limit was hit
# Possible solutions:
#   Reduce memory load on the system
#   Increase physical memory or swap space
#   Check if swap backing store is full
#   Use 64 bit Java on a 64 bit OS
#   Decrease Java heap size (-Xmx/-Xms)
#   Decrease number of Java threads
#   Decrease Java thread stack sizes (-Xss)
#   Set larger code cache with -XX:ReservedCodeCacheSize=
# This output file may be truncated or incomplete.
#
#  Out of Memory Error (memory/allocation.inline.hpp:61), pid=14228, tid=0x0000000000003b90
#
# JRE version: Java(TM) SE Runtime Environment (8.0_171-b11) (build 1.8.0_171-b11)
# Java VM: Java HotSpot(TM) 64-Bit Server VM (25.171-b11 mixed mode windows-amd64 compressed oops)
# Failed to write core dump. Minidumps are not enabled by default on client versions of Windows
#

---------------  T H R E A D  ---------------

Current thread (0x0000000018338000):  VMThread [stack: 0x000000001a010000,0x000000001a110000] [id=15248]

Stack: [0x000000001a010000,0x000000001a110000]
[error occurred during error reporting (printing stack bounds), id 0xc0000005]

Native frames: (J=compiled Java code, j=interpreted, Vv=VM code, C=native code)

VM_Operation (0x000000001aa0f290): HeapWalkOperation, mode: safepoint, requested by thread 0x000000001a2c1800


---------------  P R O C E S S  ---------------

Java Threads: ( => current thread )
  0x000000001f3f7800 JavaThread "EventMgr Dispatcher" daemon [_thread_in_native, id=23364, stack(0x0000000028410000,0x0000000028510000)]
  0x000000001f3fd800 JavaThread "MATLAB Compiler Runtime" daemon [_thread_in_native, id=21268, stack(0x0000000028610000,0x0000000028e10000)]
  0x000000001f3f8000 JavaThread "AWT-Windows" daemon [_thread_in_native, id=13232, stack(0x0000000026880000,0x0000000026980000)]
  0x000000001f3f5000 JavaThread "Java2D Disposer" daemon [_thread_blocked, id=5720, stack(0x0000000026680000,0x0000000026780000)]
  0x000000001f3f6000 JavaThread "ActiveMQ Session Task-2" [_thread_blocked, id=18424, stack(0x0000000001290000,0x0000000001390000)]
  0x000000001f3fc000 JavaThread "ActiveMQ InactivityMonitor Worker" daemon [_thread_blocked, id=22184, stack(0x000000001d5f0000,0x000000001d6f0000)]
  0x000000001ee4e000 JavaThread "DestroyJavaVM" [_thread_blocked, id=15824, stack(0x0000000003300000,0x0000000003400000)]
  0x000000001ee4d800 JavaThread "http-nio-8053-AsyncTimeout" daemon [_thread_blocked, id=18636, stack(0x00000000225c0000,0x00000000226c0000)]
  0x000000001ee4b000 JavaThread "http-nio-8053-Acceptor-0" daemon [_thread_in_native, id=21172, stack(0x00000000224c0000,0x00000000225c0000)]
  0x000000001ee4a800 JavaThread "http-nio-8053-ClientPoller-1" daemon [_thread_in_native, id=22940, stack(0x00000000223c0000,0x00000000224c0000)]
  0x000000001ee4c800 JavaThread "http-nio-8053-ClientPoller-0" daemon [_thread_in_native, id=22636, stack(0x00000000222c0000,0x00000000223c0000)]
  0x000000001ee4c000 JavaThread "http-nio-8053-exec-10" daemon [_thread_blocked, id=7760, stack(0x00000000221c0000,0x00000000222c0000)]
  0x000000001ee42800 JavaThread "http-nio-8053-exec-9" daemon [_thread_blocked, id=10232, stack(0x00000000220c0000,0x00000000221c0000)]
  0x000000001ee49800 JavaThread "http-nio-8053-exec-8" daemon [_thread_blocked, id=21492, stack(0x0000000021fc0000,0x00000000220c0000)]
  0x000000001ee42000 JavaThread "http-nio-8053-exec-7" daemon [_thread_blocked, id=20596, stack(0x0000000021ec0000,0x0000000021fc0000)]
  0x000000001ee49000 JavaThread "http-nio-8053-exec-6" daemon [_thread_blocked, id=3160, stack(0x0000000021dc0000,0x0000000021ec0000)]
  0x000000001ee41000 JavaThread "http-nio-8053-exec-5" daemon [_thread_blocked, id=17476, stack(0x0000000021cc0000,0x0000000021dc0000)]
  0x000000001ee48000 JavaThread "http-nio-8053-exec-4" daemon [_thread_blocked, id=21284, stack(0x0000000021bc0000,0x0000000021cc0000)]
  0x000000001ee47800 JavaThread "http-nio-8053-exec-3" daemon [_thread_blocked, id=20024, stack(0x0000000021ac0000,0x0000000021bc0000)]
  0x000000001ee46000 JavaThread "http-nio-8053-exec-2" daemon [_thread_blocked, id=20288, stack(0x00000000219c0000,0x0000000021ac0000)]
  0x000000001ee46800 JavaThread "http-nio-8053-exec-1" daemon [_thread_blocked, id=9724, stack(0x00000000218c0000,0x00000000219c0000)]
  0x000000001ee45000 JavaThread "NioBlockingSelector.BlockPoller-1" daemon [_thread_in_native, id=19612, stack(0x00000000217c0000,0x00000000218c0000)]
  0x000000001ee43800 JavaThread "ActiveMQ InactivityMonitor WriteCheckTimer" daemon [_thread_blocked, id=13840, stack(0x00000000214c0000,0x00000000215c0000)]
  0x000000001ee40800 JavaThread "DefaultMessageListenerContainer-1" [_thread_blocked, id=21188, stack(0x00000000213c0000,0x00000000214c0000)]
  0x000000001bfcd800 JavaThread "ActiveMQ Transport: tcp://localhost/127.0.0.1:61616@56390" [_thread_in_native, id=8388, stack(0x00000000212c0000,0x00000000213c0000)]
  0x000000001bfcd000 JavaThread "ActiveMQ InactivityMonitor ReadCheckTimer" daemon [_thread_blocked, id=21624, stack(0x00000000211c0000,0x00000000212c0000)]
  0x000000001bfcc000 JavaThread "Tomcat JDBC Pool Cleaner[414493378:1600848940156]" daemon [_thread_blocked, id=8148, stack(0x000000001fbc0000,0x000000001fcc0000)]
  0x000000001bfcb800 JavaThread "container-0" [_thread_blocked, id=20988, stack(0x000000001e4f0000,0x000000001e5f0000)]
  0x000000001cc9a000 JavaThread "ContainerBackgroundProcessor[StandardEngine[Tomcat]]" daemon [_thread_blocked, id=7700, stack(0x000000001e3f0000,0x000000001e4f0000)]
  0x000000001bdc4800 JavaThread "RMI Scheduler(0)" daemon [_thread_blocked, id=19992, stack(0x000000001d0f0000,0x000000001d1f0000)]
  0x000000001b9be800 JavaThread "RMI TCP Accept-0" daemon [_thread_in_native, id=7596, stack(0x000000001bb70000,0x000000001bc70000)]
  0x000000001b951800 JavaThread "RMI TCP Accept-56331" daemon [_thread_in_native, id=22596, stack(0x000000001ba70000,0x000000001bb70000)]
  0x000000001b931800 JavaThread "RMI TCP Accept-0" daemon [_thread_in_native, id=5792, stack(0x000000001b150000,0x000000001b250000)]
  0x000000001a377800 JavaThread "Service Thread" daemon [_thread_blocked, id=12788, stack(0x000000001b010000,0x000000001b110000)]
  0x000000001a2e8800 JavaThread "C1 CompilerThread3" daemon [_thread_blocked, id=12596, stack(0x000000001af10000,0x000000001b010000)]
  0x000000001a2da800 JavaThread "C2 CompilerThread2" daemon [_thread_blocked, id=18564, stack(0x000000001ae10000,0x000000001af10000)]
  0x000000001a2da000 JavaThread "C2 CompilerThread1" daemon [_thread_blocked, id=19248, stack(0x000000001ad10000,0x000000001ae10000)]
  0x000000001a2d7000 JavaThread "C2 CompilerThread0" daemon [_thread_blocked, id=16284, stack(0x000000001ac10000,0x000000001ad10000)]
  0x000000001a2c3800 JavaThread "JDWP Command Reader" daemon [_thread_in_native, id=16460, stack(0x000000001ab10000,0x000000001ac10000)]
  0x000000001a2c2800 JavaThread "JDWP Event Helper Thread" daemon [_thread_blocked, id=13156, stack(0x000000001aa10000,0x000000001ab10000)]
  0x000000001a2c1800 JavaThread "JDWP Transport Listener: dt_socket" daemon [_thread_blocked, id=17296, stack(0x000000001a910000,0x000000001aa10000)]
  0x000000001a2a9800 JavaThread "Attach Listener" daemon [_thread_blocked, id=17024, stack(0x000000001a810000,0x000000001a910000)]
  0x000000001a253800 JavaThread "Signal Dispatcher" daemon [_thread_blocked, id=1464, stack(0x000000001a710000,0x000000001a810000)]
  0x0000000018347000 JavaThread "Finalizer" daemon [_thread_blocked, id=9676, stack(0x000000001a610000,0x000000001a710000)]
  0x0000000018340000 JavaThread "Reference Handler" daemon [_thread_blocked, id=9988, stack(0x000000001a110000,0x000000001a210000)]

Other Threads:
=>0x0000000018338000 VMThread [stack: 0x000000001a010000,0x000000001a110000] [id=15248]
  0x000000001b964800 WatcherThread [stack: 0x000000001bc70000,0x000000001bd70000] [id=13884]

VM state:at safepoint (normal execution)

VM Mutex/Monitor currently owned by a thread:  ([mutex/lock_event])
[0x0000000003406a40] Threads_lock - owner thread: 0x0000000018338000
[0x0000000003406ec0] Heap_lock - owner thread: 0x000000001a2c1800

Heap:
 PSYoungGen      total 384512K, used 135557K [0x00000000d6a00000, 0x00000000f9680000, 0x0000000100000000)
  eden space 338944K, 31% used [0x00000000d6a00000,0x00000000dd1e9bc0,0x00000000eb500000)
  from space 45568K, 63% used [0x00000000f6a00000,0x00000000f8677ac0,0x00000000f9680000)
  to   space 29696K, 0% used [0x00000000eb500000,0x00000000eb500000,0x00000000ed200000)
 ParOldGen       total 137728K, used 137450K [0x0000000083e00000, 0x000000008c480000, 0x00000000d6a00000)
  object space 137728K, 99% used [0x0000000083e00000,0x000000008c43a9b8,0x000000008c480000)
 Metaspace       used 62450K, capacity 63688K, committed 64128K, reserved 1105920K
  class space    used 8220K, capacity 8474K, committed 8576K, reserved 1048576K

Card table byte_map: [0x00000000128c0000,0x0000000012cb0000] byte_map_base: 0x00000000124a1000

Marking Bits: (ParMarkBitMap*) 0x000000006d0e08c0
 Begin Bits: [0x0000000013750000, 0x0000000015658000)
 End Bits:   [0x0000000015658000, 0x0000000017560000)

Polling page: 0x0000000001090000

CodeCache: size=245760Kb used=14360Kb max_used=14370Kb free=231399Kb
 bounds [0x0000000003500000, 0x0000000004310000, 0x0000000012500000]
 total_blobs=7856 nmethods=7160 adapters=615
 compilation: enabled

Compilation events (10 events):
Event: 1326.550 Thread 0x000000001a2e8800 7300       1       com.gis.trans.model.ShapePoint::setSpeed (6 bytes)
Event: 1326.550 Thread 0x000000001a2e8800 nmethod 7300 0x000000000430ab50 code [0x000000000430aca0, 0x000000000430add0]
Event: 1326.550 Thread 0x000000001a2e8800 7299       1       com.gis.trans.model.ShapePoint::getStrain (5 bytes)
Event: 1326.550 Thread 0x000000001a2e8800 nmethod 7299 0x000000000430ae50 code [0x000000000430afa0, 0x000000000430b0b0]
Event: 1326.551 Thread 0x000000001a2e8800 7301       1       com.gis.trans.model.ShapePoint::setAccspeed (6 bytes)
Event: 1326.551 Thread 0x000000001a2e8800 nmethod 7301 0x0000000003cc9190 code [0x0000000003cc92e0, 0x0000000003cc9410]
Event: 1327.248 Thread 0x000000001a2e8800 7302       1       org.springframework.asm.MethodVisitor::visitLookupSwitchInsn (18 bytes)
Event: 1327.249 Thread 0x000000001a2e8800 nmethod 7302 0x0000000003cc8e50 code [0x0000000003cc8fa0, 0x0000000003cc9108]
Event: 1327.264 Thread 0x000000001a2e8800 7303       1       org.springframework.cglib.core.TypeUtils::getBoxedType (86 bytes)
Event: 1327.265 Thread 0x000000001a2e8800 nmethod 7303 0x0000000003cc8a50 code [0x0000000003cc8bc0, 0x0000000003cc8db0]

GC Heap History (10 events):
Event: 1319.322 GC heap before
{Heap before GC invocations=16 (full 3):
 PSYoungGen      total 353792K, used 6001K [0x00000000d6a00000, 0x00000000ee280000, 0x0000000100000000)
  eden space 347648K, 0% used [0x00000000d6a00000,0x00000000d6a00000,0x00000000ebd80000)
  from space 6144K, 97% used [0x00000000ecc00000,0x00000000ed1dc568,0x00000000ed200000)
  to   space 16896K, 0% used [0x00000000ed200000,0x00000000ed200000,0x00000000ee280000)
 ParOldGen       total 98304K, used 50720K [0x0000000083e00000, 0x0000000089e00000, 0x00000000d6a00000)
  object space 98304K, 51% used [0x0000000083e00000,0x0000000086f88000,0x0000000089e00000)
 Metaspace       used 57691K, capacity 58814K, committed 59008K, reserved 1099776K
  class space    used 7702K, capacity 7960K, committed 8064K, reserved 1048576K
Event: 1319.493 GC heap after
Heap after GC invocations=16 (full 3):
 PSYoungGen      total 353792K, used 0K [0x00000000d6a00000, 0x00000000ee280000, 0x0000000100000000)
  eden space 347648K, 0% used [0x00000000d6a00000,0x00000000d6a00000,0x00000000ebd80000)
  from space 6144K, 0% used [0x00000000ecc00000,0x00000000ecc00000,0x00000000ed200000)
  to   space 16896K, 0% used [0x00000000ed200000,0x00000000ed200000,0x00000000ee280000)
 ParOldGen       total 137728K, used 39707K [0x0000000083e00000, 0x000000008c480000, 0x00000000d6a00000)
  object space 137728K, 28% used [0x0000000083e00000,0x00000000864c6fd0,0x000000008c480000)
 Metaspace       used 57691K, capacity 58814K, committed 59008K, reserved 1099776K
  class space    used 7702K, capacity 7960K, committed 8064K, reserved 1048576K
}
Event: 1323.046 GC heap before
{Heap before GC invocations=17 (full 3):
 PSYoungGen      total 353792K, used 347648K [0x00000000d6a00000, 0x00000000ee280000, 0x0000000100000000)
  eden space 347648K, 100% used [0x00000000d6a00000,0x00000000ebd80000,0x00000000ebd80000)
  from space 6144K, 0% used [0x00000000ecc00000,0x00000000ecc00000,0x00000000ed200000)
  to   space 16896K, 0% used [0x00000000ed200000,0x00000000ed200000,0x00000000ee280000)
 ParOldGen       total 137728K, used 39707K [0x0000000083e00000, 0x000000008c480000, 0x00000000d6a00000)
  object space 137728K, 28% used [0x0000000083e00000,0x00000000864c6fd0,0x000000008c480000)
 Metaspace       used 62006K, capacity 63240K, committed 63488K, reserved 1103872K
  class space    used 8158K, capacity 8410K, committed 8448K, reserved 1048576K
Event: 1323.072 GC heap after
Heap after GC invocations=17 (full 3):
 PSYoungGen      total 355840K, used 16869K [0x00000000d6a00000, 0x00000000f5c80000, 0x0000000100000000)
  eden space 338944K, 0% used [0x00000000d6a00000,0x00000000d6a00000,0x00000000eb500000)
  from space 16896K, 99% used [0x00000000ed200000,0x00000000ee2794b8,0x00000000ee280000)
  to   space 29696K, 0% used [0x00000000eb500000,0x00000000eb500000,0x00000000ed200000)
 ParOldGen       total 137728K, used 63481K [0x0000000083e00000, 0x000000008c480000, 0x00000000d6a00000)
  object space 137728K, 46% used [0x0000000083e00000,0x0000000087bfe6d8,0x000000008c480000)
 Metaspace       used 62006K, capacity 63240K, committed 63488K, reserved 1103872K
  class space    used 8158K, capacity 8410K, committed 8448K, reserved 1048576K
}
Event: 1324.147 GC heap before
{Heap before GC invocations=18 (full 3):
 PSYoungGen      total 355840K, used 355813K [0x00000000d6a00000, 0x00000000f5c80000, 0x0000000100000000)
  eden space 338944K, 100% used [0x00000000d6a00000,0x00000000eb500000,0x00000000eb500000)
  from space 16896K, 99% used [0x00000000ed200000,0x00000000ee2794b8,0x00000000ee280000)
  to   space 29696K, 0% used [0x00000000eb500000,0x00000000eb500000,0x00000000ed200000)
 ParOldGen       total 137728K, used 63481K [0x0000000083e00000, 0x000000008c480000, 0x00000000d6a00000)
  object space 137728K, 46% used [0x0000000083e00000,0x0000000087bfe6d8,0x000000008c480000)
 Metaspace       used 62006K, capacity 63240K, committed 63488K, reserved 1103872K
  class space    used 8158K, capacity 8410K, committed 8448K, reserved 1048576K
Event: 1324.206 GC heap after
Heap after GC invocations=18 (full 3):
 PSYoungGen      total 368640K, used 29694K [0x00000000d6a00000, 0x00000000f9680000, 0x0000000100000000)
  eden space 338944K, 0% used [0x00000000d6a00000,0x00000000d6a00000,0x00000000eb500000)
  from space 29696K, 99% used [0x00000000eb500000,0x00000000ed1ffb58,0x00000000ed200000)
  to   space 45568K, 0% used [0x00000000f6a00000,0x00000000f6a00000,0x00000000f9680000)
 ParOldGen       total 137728K, used 94289K [0x0000000083e00000, 0x000000008c480000, 0x00000000d6a00000)
  object space 137728K, 68% used [0x0000000083e00000,0x0000000089a145c0,0x000000008c480000)
 Metaspace       used 62006K, capacity 63240K, committed 63488K, reserved 1103872K
  class space    used 8158K, capacity 8410K, committed 8448K, reserved 1048576K
}
Event: 1325.439 GC heap before
{Heap before GC invocations=19 (full 3):
 PSYoungGen      total 368640K, used 368638K [0x00000000d6a00000, 0x00000000f9680000, 0x0000000100000000)
  eden space 338944K, 100% used [0x00000000d6a00000,0x00000000eb500000,0x00000000eb500000)
  from space 29696K, 99% used [0x00000000eb500000,0x00000000ed1ffb58,0x00000000ed200000)
  to   space 45568K, 0% used [0x00000000f6a00000,0x00000000f6a00000,0x00000000f9680000)
 ParOldGen       total 137728K, used 94289K [0x0000000083e00000, 0x000000008c480000, 0x00000000d6a00000)
  object space 137728K, 68% used [0x0000000083e00000,0x0000000089a145c0,0x000000008c480000)
 Metaspace       used 62006K, capacity 63240K, committed 63488K, reserved 1103872K
  class space    used 8158K, capacity 8410K, committed 8448K, reserved 1048576K
Event: 1325.490 GC heap after
Heap after GC invocations=19 (full 3):
 PSYoungGen      total 384512K, used 45565K [0x00000000d6a00000, 0x00000000f9680000, 0x0000000100000000)
  eden space 338944K, 0% used [0x00000000d6a00000,0x00000000d6a00000,0x00000000eb500000)
  from space 45568K, 99% used [0x00000000f6a00000,0x00000000f967f568,0x00000000f9680000)
  to   space 29696K, 0% used [0x00000000eb500000,0x00000000eb500000,0x00000000ed200000)
 ParOldGen       total 137728K, used 126425K [0x0000000083e00000, 0x000000008c480000, 0x00000000d6a00000)
  object space 137728K, 91% used [0x0000000083e00000,0x000000008b9765c0,0x000000008c480000)
 Metaspace       used 62006K, capacity 63240K, committed 63488K, reserved 1103872K
  class space    used 8158K, capacity 8410K, committed 8448K, reserved 1048576K
}
Event: 1325.490 GC heap before
{Heap before GC invocations=20 (full 4):
 PSYoungGen      total 384512K, used 45565K [0x00000000d6a00000, 0x00000000f9680000, 0x0000000100000000)
  eden space 338944K, 0% used [0x00000000d6a00000,0x00000000d6a00000,0x00000000eb500000)
  from space 45568K, 99% used [0x00000000f6a00000,0x00000000f967f568,0x00000000f9680000)
  to   space 29696K, 0% used [0x00000000eb500000,0x00000000eb500000,0x00000000ed200000)
 ParOldGen       total 137728K, used 126425K [0x0000000083e00000, 0x000000008c480000, 0x00000000d6a00000)
  object space 137728K, 91% used [0x0000000083e00000,0x000000008b9765c0,0x000000008c480000)
 Metaspace       used 62006K, capacity 63240K, committed 63488K, reserved 1103872K
  class space    used 8158K, capacity 8410K, committed 8448K, reserved 1048576K
Event: 1326.276 GC heap after
Heap after GC invocations=20 (full 4):
 PSYoungGen      total 384512K, used 29150K [0x00000000d6a00000, 0x00000000f9680000, 0x0000000100000000)
  eden space 338944K, 0% used [0x00000000d6a00000,0x00000000d6a00000,0x00000000eb500000)
  from space 45568K, 63% used [0x00000000f6a00000,0x00000000f8677ac0,0x00000000f9680000)
  to   space 29696K, 0% used [0x00000000eb500000,0x00000000eb500000,0x00000000ed200000)
 ParOldGen       total 137728K, used 137450K [0x0000000083e00000, 0x000000008c480000, 0x00000000d6a00000)
  object space 137728K, 99% used [0x0000000083e00000,0x000000008c43a9b8,0x000000008c480000)
 Metaspace       used 62006K, capacity 63240K, committed 63488K, reserved 1103872K
  class space    used 8158K, capacity 8410K, committed 8448K, reserved 1048576K
}

Deoptimization events (0 events):
No events

Classes redefined (0 events):
No events

Internal exceptions (10 events):
Event: 1321.924 Thread 0x000000001f3fd800 Exception <a 'java/lang/reflect/InvocationTargetException'> (0x00000000daab1c70) thrown at [C:\re\workspace\8-2-build-windows-amd64-cygwin\jdk8u171\10807\hotspot\src\share\vm\runtime\reflection.cpp, line 1092]
Event: 1321.926 Thread 0x000000001f3fd800 Exception <a 'java/lang/reflect/InvocationTargetException'> (0x00000000daad76e8) thrown at [C:\re\workspace\8-2-build-windows-amd64-cygwin\jdk8u171\10807\hotspot\src\share\vm\runtime\reflection.cpp, line 1092]
Event: 1321.928 Thread 0x000000001f3fd800 Exception <a 'java/lang/reflect/InvocationTargetException'> (0x00000000daafaf40) thrown at [C:\re\workspace\8-2-build-windows-amd64-cygwin\jdk8u171\10807\hotspot\src\share\vm\runtime\reflection.cpp, line 1092]
Event: 1321.933 Thread 0x000000001f3fd800 Exception <a 'java/lang/reflect/InvocationTargetException'> (0x00000000dab20950) thrown at [C:\re\workspace\8-2-build-windows-amd64-cygwin\jdk8u171\10807\hotspot\src\share\vm\runtime\reflection.cpp, line 1092]
Event: 1321.934 Thread 0x000000001f3fd800 Exception <a 'java/lang/reflect/InvocationTargetException'> (0x00000000dab46360) thrown at [C:\re\workspace\8-2-build-windows-amd64-cygwin\jdk8u171\10807\hotspot\src\share\vm\runtime\reflection.cpp, line 1092]
Event: 1321.935 Thread 0x000000001f3fd800 Exception <a 'java/lang/reflect/InvocationTargetException'> (0x00000000dab6bd70) thrown at [C:\re\workspace\8-2-build-windows-amd64-cygwin\jdk8u171\10807\hotspot\src\share\vm\runtime\reflection.cpp, line 1092]
Event: 1321.937 Thread 0x000000001f3fd800 Exception <a 'java/lang/reflect/InvocationTargetException'> (0x00000000dab9bf88) thrown at [C:\re\workspace\8-2-build-windows-amd64-cygwin\jdk8u171\10807\hotspot\src\share\vm\runtime\reflection.cpp, line 1092]
Event: 1321.939 Thread 0x000000001f3fd800 Exception <a 'java/lang/reflect/InvocationTargetException'> (0x00000000dabc3b58) thrown at [C:\re\workspace\8-2-build-windows-amd64-cygwin\jdk8u171\10807\hotspot\src\share\vm\runtime\reflection.cpp, line 1092]
Event: 1321.940 Thread 0x000000001f3fd800 Exception <a 'java/lang/reflect/InvocationTargetException'> (0x00000000dabeb728) thrown at [C:\re\workspace\8-2-build-windows-amd64-cygwin\jdk8u171\10807\hotspot\src\share\vm\runtime\reflection.cpp, line 1092]
Event: 1321.941 Thread 0x000000001f3fd800 Exception <a 'java/lang/reflect/InvocationTargetException'> (0x00000000dac156e8) thrown at [C:\re\workspace\8-2-build-windows-amd64-cygwin\jdk8u171\10807\hotspot\src\share\vm\runtime\reflection.cpp, line 1092]

Events (10 events):
Event: 1327.343 Executing VM operation: GetOrSetLocal done
Event: 1327.344 Executing VM operation: GetOrSetLocal
Event: 1327.344 Executing VM operation: GetOrSetLocal done
Event: 1327.346 Executing VM operation: GetOrSetLocal
Event: 1327.346 Executing VM operation: GetOrSetLocal done
Event: 1327.348 Executing VM operation: GetOrSetLocal
Event: 1327.348 Executing VM operation: GetOrSetLocal done
Event: 1327.350 Executing VM operation: GetOrSetLocal
Event: 1327.350 Executing VM operation: GetOrSetLocal done
Event: 1327.555 Executing VM operation: HeapWalkOperation


Dynamic libraries:
0x00007ff70e3c0000 - 0x00007ff70e3f7000 	D:\Program Files\Java\jdk1.8.0_171\bin\java.exe
0x00007ff956ec0000 - 0x00007ff9570b0000 	C:\WINDOWS\SYSTEM32\ntdll.dll
0x00007ff955810000 - 0x00007ff9558c2000 	C:\WINDOWS\System32\KERNEL32.DLL
0x00007ff954280000 - 0x00007ff954524000 	C:\WINDOWS\System32\KERNELBASE.dll
0x00007ff955620000 - 0x00007ff9556c3000 	C:\WINDOWS\System32\ADVAPI32.dll
0x00007ff9553b0000 - 0x00007ff95544e000 	C:\WINDOWS\System32\msvcrt.dll
0x00007ff956150000 - 0x00007ff9561e7000 	C:\WINDOWS\System32\sechost.dll
0x00007ff9554f0000 - 0x00007ff955610000 	C:\WINDOWS\System32\RPCRT4.dll
0x00007ff954f70000 - 0x00007ff955105000 	C:\WINDOWS\System32\USER32.dll
0x00007ff954f40000 - 0x00007ff954f61000 	C:\WINDOWS\System32\win32u.dll
0x00007ff9563a0000 - 0x00007ff9563c6000 	C:\WINDOWS\System32\GDI32.dll
0x00007ff9540e0000 - 0x00007ff954276000 	C:\WINDOWS\System32\gdi32full.dll
0x00007ff953ff0000 - 0x00007ff95408e000 	C:\WINDOWS\System32\msvcp_win.dll
0x00007ff953ef0000 - 0x00007ff953fea000 	C:\WINDOWS\System32\ucrtbase.dll
0x00007ff93ec90000 - 0x00007ff93ef14000 	C:\WINDOWS\WinSxS\amd64_microsoft.windows.common-controls_6595b64144ccf1df_6.0.18362.1016_none_9e7a36bbe461dae4\COMCTL32.dll
0x00007ff956430000 - 0x00007ff956765000 	C:\WINDOWS\System32\combase.dll
0x00007ff954ec0000 - 0x00007ff954f40000 	C:\WINDOWS\System32\bcryptPrimitives.dll
0x00007ff955300000 - 0x00007ff95532e000 	C:\WINDOWS\System32\IMM32.DLL
0x000000006d160000 - 0x000000006d232000 	D:\Program Files\Java\jdk1.8.0_171\jre\bin\msvcr100.dll
0x000000006c8c0000 - 0x000000006d160000 	D:\Program Files\Java\jdk1.8.0_171\jre\bin\server\jvm.dll
0x00007ff955980000 - 0x00007ff955988000 	C:\WINDOWS\System32\PSAPI.DLL
0x00007ff94c2c0000 - 0x00007ff94c2e4000 	C:\WINDOWS\SYSTEM32\WINMM.dll
0x00007ff94b650000 - 0x00007ff94b65a000 	C:\WINDOWS\SYSTEM32\VERSION.dll
0x00007ff93bf90000 - 0x00007ff93bf99000 	C:\WINDOWS\SYSTEM32\WSOCK32.dll
0x00007ff9551e0000 - 0x00007ff95524f000 	C:\WINDOWS\System32\WS2_32.dll
0x00007ff94c290000 - 0x00007ff94c2bd000 	C:\WINDOWS\SYSTEM32\WINMMBASE.dll
0x00007ff953ea0000 - 0x00007ff953eea000 	C:\WINDOWS\System32\cfgmgr32.dll
0x000000006c8b0000 - 0x000000006c8bf000 	D:\Program Files\Java\jdk1.8.0_171\jre\bin\verify.dll
0x000000006c880000 - 0x000000006c8a9000 	D:\Program Files\Java\jdk1.8.0_171\jre\bin\java.dll
0x000000006c7d0000 - 0x000000006c805000 	D:\Program Files\Java\jdk1.8.0_171\jre\bin\jdwp.dll
0x000000006c7c0000 - 0x000000006c7c8000 	D:\Program Files\Java\jdk1.8.0_171\jre\bin\npt.dll
0x000000006c860000 - 0x000000006c876000 	D:\Program Files\Java\jdk1.8.0_171\jre\bin\zip.dll
0x00007ff955990000 - 0x00007ff956077000 	C:\WINDOWS\System32\SHELL32.dll
0x00007ff9558d0000 - 0x00007ff955979000 	C:\WINDOWS\System32\shcore.dll
0x00007ff954730000 - 0x00007ff954eb2000 	C:\WINDOWS\System32\windows.storage.dll
0x00007ff953e10000 - 0x00007ff953e33000 	C:\WINDOWS\System32\profapi.dll
0x00007ff953d80000 - 0x00007ff953dca000 	C:\WINDOWS\System32\powrprof.dll
0x00007ff953d70000 - 0x00007ff953d80000 	C:\WINDOWS\System32\UMPDC.dll
0x00007ff955110000 - 0x00007ff955162000 	C:\WINDOWS\System32\shlwapi.dll
0x00007ff953df0000 - 0x00007ff953e01000 	C:\WINDOWS\System32\kernel.appcore.dll
0x00007ff954090000 - 0x00007ff9540a7000 	C:\WINDOWS\System32\cryptsp.dll
0x000000006c7b0000 - 0x000000006c7b9000 	D:\Program Files\Java\jdk1.8.0_171\jre\bin\dt_socket.dll
0x00007ff9535d0000 - 0x00007ff953637000 	C:\WINDOWS\system32\mswsock.dll
0x000000006c830000 - 0x000000006c83d000 	D:\Program Files\Java\jdk1.8.0_171\jre\bin\management.dll
0x000000006c840000 - 0x000000006c85a000 	D:\Program Files\Java\jdk1.8.0_171\jre\bin\net.dll
0x000000006c810000 - 0x000000006c821000 	D:\Program Files\Java\jdk1.8.0_171\jre\bin\nio.dll
0x00007ff9358c0000 - 0x00007ff93590b000 	C:\Program Files (x86)\Sangfor\SSL\ClientComponent2\SangforNspX64.dll
0x00007ff956be0000 - 0x00007ff956d37000 	C:\WINDOWS\System32\ole32.dll
0x00007ff956080000 - 0x00007ff956145000 	C:\WINDOWS\System32\OLEAUT32.dll
0x00007ff928920000 - 0x00007ff928936000 	C:\WINDOWS\system32\napinsp.dll
0x00007ff928900000 - 0x00007ff92891a000 	C:\WINDOWS\system32\pnrpnsp.dll
0x00007ff953320000 - 0x00007ff9533eb000 	C:\WINDOWS\SYSTEM32\DNSAPI.dll
0x00007ff956d40000 - 0x00007ff956d48000 	C:\WINDOWS\System32\NSI.dll
0x00007ff9532e0000 - 0x00007ff95331a000 	C:\WINDOWS\SYSTEM32\IPHLPAPI.DLL
0x00007ff9288f0000 - 0x00007ff9288fe000 	C:\WINDOWS\System32\winrnr.dll
0x00007ff94beb0000 - 0x00007ff94becc000 	C:\WINDOWS\system32\NLAapi.dll
0x00007ff9288d0000 - 0x00007ff9288e5000 	C:\WINDOWS\system32\wshbth.dll
0x00007ff9462f0000 - 0x00007ff9462fa000 	C:\Windows\System32\rasadhlp.dll
0x00007ff945fa0000 - 0x00007ff946017000 	C:\WINDOWS\System32\fwpuclnt.dll
0x00007ff9540b0000 - 0x00007ff9540d6000 	C:\WINDOWS\System32\bcrypt.dll
0x00007ff953140000 - 0x00007ff953173000 	C:\WINDOWS\system32\rsaenh.dll
0x00007ff953c60000 - 0x00007ff953c85000 	C:\WINDOWS\SYSTEM32\USERENV.dll
0x00007ff9537a0000 - 0x00007ff9537ac000 	C:\WINDOWS\SYSTEM32\CRYPTBASE.dll
0x00007ff947550000 - 0x00007ff947566000 	C:\WINDOWS\SYSTEM32\dhcpcsvc6.DLL
0x00007ff948210000 - 0x00007ff94822c000 	C:\WINDOWS\SYSTEM32\dhcpcsvc.DLL
0x000000006bdf0000 - 0x000000006be14000 	D:\Program Files\Java\jdk1.8.0_171\jre\bin\sunec.dll
0x0000000180000000 - 0x0000000180027000 	C:\Program Files\MATLAB\MATLAB Compiler Runtime\v81\bin\win64\BuilderJABootstrap.dll
0x0000000002ea0000 - 0x0000000002eac000 	C:\Program Files\MATLAB\MATLAB Compiler Runtime\v81\bin\win64\nativedl.dll
0x000000006c710000 - 0x000000006c7a8000 	C:\WINDOWS\SYSTEM32\MSVCP100.dll
0x0000000073f70000 - 0x0000000074112000 	C:\Program Files\MATLAB\MATLAB Compiler Runtime\v81\bin\win64\libmwfl.dll
0x00007ff955450000 - 0x00007ff95546d000 	C:\WINDOWS\System32\imagehlp.dll
0x000000007a350000 - 0x000000007a737000 	C:\Program Files\MATLAB\MATLAB Compiler Runtime\v81\bin\win64\libmwMATLAB_res.dll
0x00000000758a0000 - 0x000000007595f000 	C:\Program Files\MATLAB\MATLAB Compiler Runtime\v81\bin\win64\libmwi18n.dll
0x000000006bde0000 - 0x000000006bdee000 	C:\Program Files\MATLAB\MATLAB Compiler Runtime\v81\bin\win64\boost_date_time-vc100-mt-1_49.dll
0x000000006b8b0000 - 0x000000006b98f000 	C:\Program Files\MATLAB\MATLAB Compiler Runtime\v81\bin\win64\boost_regex-vc100-mt-1_49.dll
0x000000006bdb0000 - 0x000000006bddc000 	C:\Program Files\MATLAB\MATLAB Compiler Runtime\v81\bin\win64\boost_filesystem-vc100-mt-1_49.dll
0x000000006bda0000 - 0x000000006bda9000 	C:\Program Files\MATLAB\MATLAB Compiler Runtime\v81\bin\win64\boost_system-vc100-mt-1_49.dll
0x000000006b890000 - 0x000000006b8a1000 	C:\Program Files\MATLAB\MATLAB Compiler Runtime\v81\bin\win64\boost_signals-vc100-mt-1_49.dll
0x00007ff94b410000 - 0x00007ff94b49c000 	C:\Program Files\MATLAB\MATLAB Compiler Runtime\v81\bin\win64\boost_log-vc100-mt-1_49.dll
0x000000006b870000 - 0x000000006b881000 	C:\Program Files\MATLAB\MATLAB Compiler Runtime\v81\bin\win64\boost_thread-vc100-mt-1_49.dll
0x00007ff94e920000 - 0x00007ff94e953000 	C:\Program Files\MATLAB\MATLAB Compiler Runtime\v81\bin\win64\tbb.dll
0x000000006b840000 - 0x000000006b865000 	C:\Program Files\MATLAB\MATLAB Compiler Runtime\v81\bin\win64\LIBEXPAT.dll
0x000000006b6b0000 - 0x000000006b83a000 	C:\Program Files\MATLAB\MATLAB Compiler Runtime\v81\bin\win64\icuin49.dll
0x000000006bd90000 - 0x000000006bda0000 	C:\Program Files\MATLAB\MATLAB Compiler Runtime\v81\bin\win64\icuio49.dll
0x000000006b570000 - 0x000000006b6ae000 	C:\Program Files\MATLAB\MATLAB Compiler Runtime\v81\bin\win64\icuuc49.dll
0x000000001ce60000 - 0x000000001ce6d000 	C:\Program Files\MATLAB\MATLAB Compiler Runtime\v81\bin\win64\libmwresource_core.dll
0x0000000022810000 - 0x0000000023932000 	C:\Program Files\MATLAB\MATLAB Compiler Runtime\v81\bin\win64\icudt49.dll
0x0000000023940000 - 0x0000000023c6d000 	C:\Program Files\MATLAB\MATLAB Compiler Runtime\v81\bin\win64\nativemcl.dll
0x0000000074460000 - 0x0000000074515000 	C:\Program Files\MATLAB\MATLAB Compiler Runtime\v81\bin\win64\libut.dll
0x0000000074970000 - 0x0000000074a18000 	C:\Program Files\MATLAB\MATLAB Compiler Runtime\v81\bin\win64\mcr.dll
0x0000000075a20000 - 0x0000000075b0b000 	C:\Program Files\MATLAB\MATLAB Compiler Runtime\v81\bin\win64\libmx.dll
0x0000000075710000 - 0x00000000757d8000 	C:\Program Files\MATLAB\MATLAB Compiler Runtime\v81\bin\win64\jmi.dll
0x00007ff94f630000 - 0x00007ff94f824000 	C:\WINDOWS\SYSTEM32\dbghelp.dll
0x0000000075000000 - 0x00000000753b1000 	C:\Program Files\MATLAB\MATLAB Compiler Runtime\v81\bin\win64\iqm.dll
0x0000000079fb0000 - 0x0000000079fdf000 	C:\Program Files\MATLAB\MATLAB Compiler Runtime\v81\bin\win64\libmwbridge.dll
0x0000000075f10000 - 0x0000000075f57000 	C:\Program Files\MATLAB\MATLAB Compiler Runtime\v81\bin\win64\mpath.dll
0x000000007b680000 - 0x000000007bc66000 	C:\Program Files\MATLAB\MATLAB Compiler Runtime\v81\bin\win64\mlutil.dll
0x0000000074e80000 - 0x0000000074f30000 	C:\Program Files\MATLAB\MATLAB Compiler Runtime\v81\bin\win64\m_dispatcher.dll
0x00007ff94b3e0000 - 0x00007ff94b408000 	C:\Program Files\MATLAB\MATLAB Compiler Runtime\v81\bin\win64\tbbmalloc.dll
0x000000006b550000 - 0x000000006b567000 	C:\Program Files\MATLAB\MATLAB Compiler Runtime\v81\bin\win64\zlib1.dll
0x0000000073cc0000 - 0x0000000073e0e000 	C:\Program Files\MATLAB\MATLAB Compiler Runtime\v81\bin\win64\libmwgui.dll
0x000000007b0a0000 - 0x000000007b2f6000 	C:\Program Files\MATLAB\MATLAB Compiler Runtime\v81\bin\win64\mcos.dll
0x000000007a1f0000 - 0x000000007a20d000 	C:\Program Files\MATLAB\MATLAB Compiler Runtime\v81\bin\win64\mwoles05.DLL
0x00007ff951840000 - 0x00007ff951850000 	C:\Program Files\MATLAB\MATLAB Compiler Runtime\v81\bin\win64\boost_iostreams-vc100-mt-1_49.dll
0x00007ff942fe0000 - 0x00007ff943026000 	C:\Program Files\MATLAB\MATLAB Compiler Runtime\v81\bin\win64\boost_serialization-vc100-mt-1_49.dll
0x0000000074f40000 - 0x0000000074ff6000 	C:\Program Files\MATLAB\MATLAB Compiler Runtime\v81\bin\win64\udd.dll
0x00000000754d0000 - 0x0000000075547000 	C:\Program Files\MATLAB\MATLAB Compiler Runtime\v81\bin\win64\xmlcore.dll
0x000000006b300000 - 0x000000006b541000 	C:\Program Files\MATLAB\MATLAB Compiler Runtime\v81\bin\win64\xerces-c_2_7.dll
0x000000006b2d0000 - 0x000000006b2fb000 	C:\WINDOWS\SYSTEM32\ATL100.DLL
0x0000000023c70000 - 0x0000000023e51000 	C:\Program Files\MATLAB\MATLAB Compiler Runtime\v81\bin\win64\mclmcr.dll
0x000000001ce80000 - 0x000000001cee7000 	C:\Program Files\MATLAB\MATLAB Compiler Runtime\v81\bin\win64\mclbase.dll
0x00000000216c0000 - 0x0000000021706000 	C:\Program Files\MATLAB\MATLAB Compiler Runtime\v81\bin\win64\dservices.dll
0x0000000021710000 - 0x0000000021731000 	C:\Program Files\MATLAB\MATLAB Compiler Runtime\v81\bin\win64\libmwmfl_scalar.dll
0x0000000021740000 - 0x0000000021759000 	C:\Program Files\MATLAB\MATLAB Compiler Runtime\v81\bin\win64\jproxy.dll
0x0000000021760000 - 0x0000000021784000 	C:\Program Files\MATLAB\MATLAB Compiler Runtime\v81\bin\win64\libmex.dll
0x0000000023e60000 - 0x000000002418f000 	C:\Program Files\MATLAB\MATLAB Compiler Runtime\v81\bin\win64\libmwservices.dll
0x0000000024190000 - 0x0000000024ad3000 	C:\Program Files\MATLAB\MATLAB Compiler Runtime\v81\bin\win64\hg.dll
0x00000000226c0000 - 0x00000000227ab000 	C:\Program Files\MATLAB\MATLAB Compiler Runtime\v81\bin\win64\hgutils.dll
0x0000000024ae0000 - 0x00000000252e8000 	C:\Program Files\MATLAB\MATLAB Compiler Runtime\v81\bin\win64\m_interpreter.dll
0x00000000252f0000 - 0x000000002539e000 	C:\Program Files\MATLAB\MATLAB Compiler Runtime\v81\bin\win64\udd_mi.dll
0x00007ff956db0000 - 0x00007ff956e80000 	C:\WINDOWS\System32\COMDLG32.dll
0x00000000254a0000 - 0x000000002576e000 	C:\Program Files\MATLAB\MATLAB Compiler Runtime\v81\bin\win64\uiw.dll
0x0000000025770000 - 0x00000000257dc000 	C:\Program Files\MATLAB\MATLAB Compiler Runtime\v81\bin\win64\comcli.dll
0x0000000021790000 - 0x000000002179c000 	C:\Program Files\MATLAB\MATLAB Compiler Runtime\v81\bin\win64\mlautoregister.dll
0x00000000217a0000 - 0x00000000217ae000 	C:\Program Files\MATLAB\MATLAB Compiler Runtime\v81\bin\win64\nativejava_services.dll
0x00000000227b0000 - 0x00000000227fe000 	C:\Program Files\MATLAB\MATLAB Compiler Runtime\v81\bin\win64\libmwregexp.dll
0x00000000257e0000 - 0x0000000025802000 	C:\Program Files\MATLAB\MATLAB Compiler Runtime\v81\bin\win64\libmwMATLAB_settings_res.dll
0x0000000025810000 - 0x0000000025834000 	C:\Program Files\MATLAB\MATLAB Compiler Runtime\v81\bin\win64\graphics_util.dll

VM Arguments:
jvm_args: -agentlib:jdwp=transport=dt_socket,address=127.0.0.1:56332,suspend=y,server=n -XX:TieredStopAtLevel=1 -Xverify:none -Dspring.output.ansi.enabled=always -Dcom.sun.management.jmxremote -Dcom.sun.management.jmxremote.port=56331 -Dcom.sun.management.jmxremote.authenticate=false -Dcom.sun.management.jmxremote.ssl=false -Dspring.liveBeansView.mbeanDomain -Dspring.application.admin.enabled=true -Dfile.encoding=UTF-8 
java_command: com.gis.trans.TransApplication
java_class_path (initial): D:\Program Files\Java\jdk1.8.0_171\jre\lib\charsets.jar;D:\Program Files\Java\jdk1.8.0_171\jre\lib\deploy.jar;D:\Program Files\Java\jdk1.8.0_171\jre\lib\ext\access-bridge-64.jar;D:\Program Files\Java\jdk1.8.0_171\jre\lib\ext\cldrdata.jar;D:\Program Files\Java\jdk1.8.0_171\jre\lib\ext\dnsns.jar;D:\Program Files\Java\jdk1.8.0_171\jre\lib\ext\jaccess.jar;D:\Program Files\Java\jdk1.8.0_171\jre\lib\ext\jfxrt.jar;D:\Program Files\Java\jdk1.8.0_171\jre\lib\ext\localedata.jar;D:\Program Files\Java\jdk1.8.0_171\jre\lib\ext\nashorn.jar;D:\Program Files\Java\jdk1.8.0_171\jre\lib\ext\sunec.jar;D:\Program Files\Java\jdk1.8.0_171\jre\lib\ext\sunjce_provider.jar;D:\Program Files\Java\jdk1.8.0_171\jre\lib\ext\sunmscapi.jar;D:\Program Files\Java\jdk1.8.0_171\jre\lib\ext\sunpkcs11.jar;D:\Program Files\Java\jdk1.8.0_171\jre\lib\ext\zipfs.jar;D:\Program Files\Java\jdk1.8.0_171\jre\lib\javaws.jar;D:\Program Files\Java\jdk1.8.0_171\jre\lib\jce.jar;D:\Program Files\Java\jdk1.8.0_171\jre\lib\jfr.jar;D:\Program Files\Java\jdk1.8.0_171\jre\lib\jfxswt.jar;D:\Program Files\Java\jdk1.8.0_171\jre\lib\jsse.jar;D:\Program Files\Java\jdk1.8.0_171\jre\lib\management-agent.jar;D:\Program Files\Java\jdk1.8.0_171\jre\lib\plugin.jar;D:\Program Files\Java\jdk1.8.0_171\jre\lib\resources.jar;D:\Program Files\Java\jdk1.8.0_171\jre\lib\rt.jar;E:\1.项目管理\17.边坡雷达\bpld\代码\dms_ips\target\classes;E:\1.项目管理\17.边坡雷达\bpld\代码\dms_ips\lib\gdal.jar;E:\1.项目管理\17.边坡雷达\bpld\代码\dms_ips\lib\plotCon.jar;E:\1.项目管理\17.边坡雷达\bpld\代码\dms_ips\lib\jts-1.13.jar;E:\1.项目管理\17.边坡雷达\bpld\代码\dms_ips\lib\gt-api-10.5.jar;E:\1.项目管理\17.边坡雷达\bpld\代码\dms_ips\lib\gt-api-17.0.jar;E:\1.项目管理\17.边坡雷达\bpld\代码\dms_ips\lib\gt-cql-17.0.jar;E:\1.项目管理\17.边坡雷达\bpld\代码\dms_ips\lib\javabuilder.jar;E:\1.项目管理\17.边坡雷达\bpld\代码\dms_ips\lib\gt-data-17.0.jar;E:\1.项目管理\17.边坡雷达\bpld\代码\dms_ips\lib\gt-jdbc-17.0.jar;E:\1.项目管理\17.边坡雷达\
Launcher Type: SUN_STANDARD

Environment Variables:
JAVA_HOME=D:\Program Files\Java\jdk1.8.0_171
PATH=C:\Program Files\MATLAB\MATLAB Compiler Runtime\v81\bin\win64;C:\Program Files (x86)\NetSarang\Xftp 6\;D:\ShenTong/dbstudio;D:\ShenTong/bin;C:\WINDOWS\system32;C:\WINDOWS;C:\WINDOWS\System32\Wbem;C:\WINDOWS\System32\WindowsPowerShell\v1.0\;C:\WINDOWS\System32\OpenSSH\;D:\Program Files\maven\apache-maven-3.6.1\bin;D:\Program Files\Git\cmd;D:\Program Files\TortoiseGit\bin;D:\Program Files\PostgreSQL\9.6\bin;D:\Program Files\Java\jdk1.8.0_171\bin;C:\Program Files\Intel\WiFi\bin\;C:\Program Files\Common Files\Intel\WirelessCommon\;C:\Users\86134\AppData\Local\Microsoft\WindowsApps;D:\Program Files\Microsoft VS Code\bin;C:\Users\86134\AppData\Roaming\npm;D:\Program Files\Java\jdk1.8.0_171\jre\bin;E:\3.软件安装\gdal\bin;E:\3.软件安装\consul_1.7.2_windows_amd64\consul.exe;D:\Program Files\maven\apache-maven-3.6.1\bin;C:\Program Files\nodejs\;C:\Program Files\MATLAB\MATLAB Compiler Runtime\v81\runtime\win64;C:\Users\86134\AppData\Local\Microsoft\WindowsApps;;D:\Program Files\Microsoft VS Code\bin;C:\Users\86134\AppData\Roaming\npm
USERNAME=geovis
OS=Windows_NT
PROCESSOR_IDENTIFIER=Intel64 Family 6 Model 142 Stepping 12, GenuineIntel



---------------  S Y S T E M  ---------------

OS: Windows 10.0 , 64 bit Build 18362 (10.0.18362.959)

CPU:total 8 (initial active 8) (4 cores per cpu, 2 threads per core) family 6 model 142 stepping 12, cmov, cx8, fxsr, mmx, sse, sse2, sse3, ssse3, sse4.1, sse4.2, popcnt, avx, avx2, aes, clmul, erms, 3dnowpref, lzcnt, ht, tsc, tscinvbit, bmi1, bmi2, adx

Memory: 4k page, physical 8130516k(404608k free), swap 18494544k(2904k free)

vm_info: Java HotSpot(TM) 64-Bit Server VM (25.171-b11) for windows-amd64 JRE (1.8.0_171-b11), built on Mar 28 2018 16:06:12 by "java_re" with MS VC++ 10.0 (VS2010)

time: Wed Sep 23 16:37:43 2020
elapsed time: 1327 seconds (0d 0h 22m 7s)

